
 HC AEROSOL PARAMETERS

    Z        AERSOL     RPAR      RFRAC      WFALL     TAUSED    TAUEDD    TAUC      CONVER
  2.500E+04 3.215E-02 1.300E-07 1.300E-07 1.097E-06 6.996E+11 5.891E+06 7.910E+10 6.985E+01
  1.250E+05 3.460E-02 1.300E-07 1.300E-07 1.243E-06 6.052E+11 5.662E+06 7.423E+10 6.985E+01
  2.250E+05 4.431E-02 1.300E-07 1.300E-07 1.413E-06 5.212E+11 5.421E+06 5.859E+10 6.985E+01
  3.250E+05 5.866E-02 1.300E-07 1.300E-07 1.610E-06 4.471E+11 5.184E+06 4.475E+10 6.985E+01
  4.250E+05 7.603E-02 1.300E-07 1.300E-07 1.842E-06 3.811E+11 4.926E+06 3.496E+10 6.985E+01
  5.250E+05 9.576E-02 1.300E-07 1.300E-07 2.114E-06 3.223E+11 4.643E+06 2.817E+10 6.985E+01
  6.250E+05 1.174E-01 1.300E-07 1.300E-07 2.438E-06 2.701E+11 4.337E+06 2.337E+10 6.985E+01
  7.250E+05 1.407E-01 1.300E-07 1.300E-07 2.829E-06 2.240E+11 4.014E+06 1.989E+10 6.985E+01
  8.250E+05 1.650E-01 1.300E-07 1.300E-07 3.306E-06 1.836E+11 3.686E+06 1.733E+10 6.985E+01
  9.250E+05 1.892E-01 1.300E-07 1.300E-07 3.897E-06 1.488E+11 3.361E+06 1.546E+10 6.985E+01
  1.025E+06 2.177E-01 1.300E-07 1.300E-07 4.639E-06 1.190E+11 3.809E+06 1.377E+10 6.985E+01
  1.125E+06 2.836E-01 1.300E-07 1.300E-07 5.572E-06 9.623E+10 9.583E+06 1.072E+10 6.985E+01
  1.225E+06 4.651E-01 1.300E-07 1.300E-07 6.705E-06 7.948E+10 1.670E+07 6.559E+09 6.985E+01
  1.325E+06 8.121E-01 1.300E-07 1.300E-07 8.079E-06 6.552E+10 3.502E+07 3.769E+09 6.985E+01
  1.425E+06 1.418E+00 1.300E-07 1.300E-07 9.748E-06 5.387E+10 4.754E+07 2.168E+09 6.985E+01
  1.525E+06 2.128E+00 1.300E-07 1.300E-07 1.178E-05 4.417E+10 5.888E+07 1.451E+09 6.985E+01
  1.625E+06 2.908E+00 1.300E-07 1.300E-07 1.427E-05 3.614E+10 6.644E+07 1.067E+09 6.985E+01
  1.725E+06 3.646E+00 1.300E-07 1.300E-07 1.731E-05 2.950E+10 6.681E+07 8.550E+08 6.985E+01
  1.825E+06 4.265E+00 1.300E-07 1.300E-07 2.104E-05 2.402E+10 6.547E+07 7.345E+08 6.985E+01
  1.925E+06 4.745E+00 1.300E-07 1.300E-07 2.562E-05 1.951E+10 6.097E+07 6.638E+08 6.985E+01
  2.025E+06 5.036E+00 1.300E-07 1.300E-07 3.128E-05 1.581E+10 5.317E+07 6.289E+08 6.985E+01
  2.125E+06 5.151E+00 1.300E-07 1.300E-07 3.827E-05 1.278E+10 4.691E+07 6.181E+08 6.985E+01
  2.225E+06 5.127E+00 1.300E-07 1.300E-07 4.693E-05 1.031E+10 4.037E+07 6.243E+08 6.985E+01
  2.325E+06 4.990E+00 1.300E-07 1.300E-07 5.768E-05 8.301E+09 3.473E+07 6.450E+08 6.985E+01
  2.425E+06 4.774E+00 1.300E-07 1.300E-07 7.104E-05 6.668E+09 2.992E+07 6.777E+08 6.985E+01
  2.525E+06 4.506E+00 1.300E-07 1.300E-07 8.769E-05 5.346E+09 2.586E+07 7.218E+08 6.985E+01
  2.625E+06 4.207E+00 1.300E-07 1.300E-07 1.085E-04 4.283E+09 2.271E+07 7.767E+08 6.985E+01
  2.725E+06 3.895E+00 1.300E-07 1.300E-07 1.343E-04 3.431E+09 2.005E+07 8.421E+08 6.985E+01
  2.825E+06 3.578E+00 1.300E-07 1.300E-07 1.666E-04 2.750E+09 1.750E+07 9.194E+08 6.985E+01
  2.925E+06 3.276E+00 1.300E-07 1.300E-07 2.069E-04 2.203E+09 1.597E+07 1.007E+09 6.985E+01
  3.025E+06 2.999E+00 1.300E-07 1.300E-07 2.573E-04 1.759E+09 1.431E+07 1.104E+09 6.985E+01
  3.125E+06 2.742E+00 1.300E-07 1.300E-07 3.206E-04 1.398E+09 1.255E+07 1.213E+09 6.985E+01
  3.225E+06 2.503E+00 1.300E-07 1.300E-07 4.006E-04 1.106E+09 1.128E+07 1.337E+09 6.985E+01
  3.325E+06 2.281E+00 1.300E-07 1.300E-07 5.019E-04 8.727E+08 1.010E+07 1.475E+09 6.985E+01
  3.425E+06 2.071E+00 1.300E-07 1.300E-07 6.303E-04 6.874E+08 8.939E+06 1.634E+09 6.985E+01
  3.525E+06 1.874E+00 1.300E-07 1.300E-07 7.933E-04 5.411E+08 8.010E+06 1.814E+09 6.985E+01
  3.625E+06 1.686E+00 1.300E-07 1.300E-07 9.996E-04 4.265E+08 6.990E+06 2.023E+09 6.985E+01
  3.725E+06 1.507E+00 1.300E-07 1.300E-07 1.260E-03 3.375E+08 6.234E+06 2.266E+09 6.985E+01
  3.825E+06 1.342E+00 1.300E-07 1.300E-07 1.586E-03 2.687E+08 5.677E+06 2.542E+09 6.985E+01
  3.925E+06 1.190E+00 1.300E-07 1.300E-07 1.992E-03 2.156E+08 5.123E+06 2.855E+09 6.985E+01
  4.025E+06 1.056E+00 1.300E-07 1.300E-07 2.496E-03 1.738E+08 4.705E+06 3.202E+09 6.985E+01
  4.125E+06 9.402E-01 1.300E-07 1.300E-07 3.119E-03 1.406E+08 4.368E+06 3.577E+09 6.985E+01
  4.225E+06 8.410E-01 1.300E-07 1.300E-07 3.891E-03 1.137E+08 3.993E+06 3.981E+09 6.985E+01
  4.325E+06 7.545E-01 1.300E-07 1.300E-07 4.847E-03 9.186E+07 3.604E+06 4.423E+09 6.985E+01
  4.425E+06 6.781E-01 1.300E-07 1.300E-07 6.034E-03 7.406E+07 3.221E+06 4.913E+09 6.985E+01
  4.525E+06 6.108E-01 1.300E-07 1.300E-07 7.509E-03 5.963E+07 2.993E+06 5.448E+09 6.985E+01
  4.625E+06 5.502E-01 1.300E-07 1.300E-07 9.342E-03 4.801E+07 2.646E+06 6.044E+09 6.985E+01
  4.725E+06 4.942E-01 1.300E-07 1.300E-07 1.161E-02 3.870E+07 2.406E+06 6.721E+09 6.985E+01
  4.825E+06 4.438E-01 1.300E-07 1.300E-07 1.443E-02 3.126E+07 2.211E+06 7.472E+09 6.985E+01
  4.925E+06 3.985E-01 1.300E-07 1.300E-07 1.791E-02 2.528E+07 2.009E+06 8.307E+09 6.985E+01
  5.025E+06 3.578E-01 1.300E-07 1.300E-07 2.221E-02 2.046E+07 1.842E+06 9.234E+09 6.985E+01
  5.125E+06 3.217E-01 1.300E-07 1.300E-07 2.752E-02 1.656E+07 1.702E+06 1.026E+10 6.985E+01
  5.225E+06 2.894E-01 1.300E-07 1.300E-07 3.408E-02 1.341E+07 1.572E+06 1.138E+10 6.985E+01
  5.325E+06 2.603E-01 1.300E-07 1.300E-07 4.218E-02 1.087E+07 1.447E+06 1.263E+10 6.985E+01
  5.425E+06 2.338E-01 1.300E-07 1.300E-07 5.215E-02 8.823E+06 1.323E+06 1.404E+10 6.985E+01
  5.525E+06 2.097E-01 1.300E-07 1.300E-07 6.443E-02 7.165E+06 1.197E+06 1.563E+10 6.985E+01
  5.625E+06 1.879E-01 1.300E-07 1.300E-07 7.959E-02 5.806E+06 1.067E+06 1.743E+10 6.985E+01
  5.725E+06 1.682E-01 1.300E-07 1.300E-07 9.838E-02 4.683E+06 9.359E+05 1.951E+10 6.985E+01
  5.825E+06 1.496E-01 1.300E-07 1.300E-07 1.217E-01 3.771E+06 8.128E+05 2.197E+10 6.985E+01
  5.925E+06 1.319E-01 1.300E-07 1.300E-07 1.506E-01 3.044E+06 7.052E+05 2.493E+10 6.985E+01
  6.025E+06 1.156E-01 1.300E-07 1.300E-07 1.863E-01 2.460E+06 6.109E+05 2.845E+10 6.985E+01
  6.125E+06 1.008E-01 1.300E-07 1.300E-07 2.305E-01 1.989E+06 5.280E+05 3.264E+10 6.985E+01
  6.225E+06 8.744E-02 1.300E-07 1.300E-07 2.851E-01 1.608E+06 4.560E+05 3.762E+10 6.985E+01
  6.325E+06 7.553E-02 1.300E-07 1.300E-07 3.526E-01 1.300E+06 3.941E+05 4.354E+10 6.985E+01
  6.425E+06 6.499E-02 1.300E-07 1.300E-07 4.361E-01 1.051E+06 3.411E+05 5.061E+10 6.985E+01
  6.525E+06 5.571E-02 1.300E-07 1.300E-07 5.394E-01 8.499E+05 2.960E+05 5.904E+10 6.985E+01
  6.625E+06 4.759E-02 1.300E-07 1.300E-07 6.670E-01 6.873E+05 2.575E+05 6.912E+10 6.985E+01
  6.725E+06 4.052E-02 1.300E-07 1.300E-07 8.248E-01 5.558E+05 2.248E+05 8.118E+10 6.985E+01
  6.825E+06 3.440E-02 1.300E-07 1.300E-07 1.020E+00 4.495E+05 2.101E+05 9.561E+10 6.985E+01
  6.925E+06 2.919E-02 1.300E-07 1.300E-07 1.261E+00 3.636E+05 2.101E+05 1.127E+11 6.985E+01
  7.025E+06 2.457E-02 1.300E-07 1.300E-07 1.559E+00 2.941E+05 2.101E+05 1.339E+11 6.985E+01
  7.125E+06 2.014E-02 1.300E-07 1.300E-07 1.927E+00 2.379E+05 2.101E+05 1.633E+11 6.985E+01
  7.225E+06 1.568E-02 1.300E-07 1.300E-07 2.382E+00 1.924E+05 2.101E+05 2.098E+11 6.985E+01
  7.325E+06 1.132E-02 1.300E-07 1.300E-07 2.944E+00 1.557E+05 2.101E+05 2.905E+11 6.985E+01
  7.425E+06 7.480E-03 1.300E-07 1.300E-07 3.639E+00 1.260E+05 2.101E+05 4.397E+11 6.985E+01
  7.525E+06 4.486E-03 1.300E-07 1.300E-07 4.498E+00 1.019E+05 2.101E+05 7.332E+11 6.985E+01
  7.625E+06 2.422E-03 1.300E-07 1.300E-07 5.558E+00 8.248E+04 2.101E+05 1.358E+12 6.985E+01
  7.725E+06 1.163E-03 1.300E-07 1.300E-07 6.868E+00 6.674E+04 2.101E+05 2.827E+12 6.985E+01
  7.825E+06 4.905E-04 1.300E-07 1.300E-07 8.487E+00 5.401E+04 2.101E+05 6.706E+12 6.985E+01
  7.925E+06 1.796E-04 1.300E-07 1.300E-07 1.049E+01 4.372E+04 2.101E+05 1.832E+13 6.985E+01
  8.025E+06 5.753E-05 1.300E-07 1.300E-07 1.296E+01 3.538E+04 2.101E+05 5.717E+13 6.985E+01
  8.125E+06 1.702E-05 1.300E-07 1.300E-07 1.601E+01 2.864E+04 2.101E+05 1.932E+14 6.985E+01
  8.225E+06 5.217E-06 1.300E-07 1.300E-07 1.977E+01 2.319E+04 2.101E+05 6.305E+14 6.985E+01
  8.325E+06 1.807E-06 1.300E-07 1.300E-07 2.442E+01 1.877E+04 2.101E+05 1.820E+15 6.985E+01
  8.425E+06 6.811E-07 1.300E-07 1.300E-07 3.017E+01 1.520E+04 2.101E+05 4.829E+15 6.985E+01
  8.525E+06 2.602E-07 1.300E-07 1.300E-07 3.726E+01 1.230E+04 2.101E+05 1.264E+16 6.985E+01
  8.625E+06 9.842E-08 1.300E-07 1.300E-07 4.601E+01 9.963E+03 2.101E+05 3.342E+16 6.985E+01
  8.725E+06 3.706E-08 1.300E-07 1.300E-07 5.682E+01 8.067E+03 2.101E+05 8.876E+16 6.985E+01
  8.825E+06 1.408E-08 1.300E-07 1.300E-07 7.017E+01 6.533E+03 2.101E+05 2.335E+17 6.985E+01
  8.925E+06 5.482E-09 1.300E-07 1.300E-07 8.664E+01 5.291E+03 2.101E+05 5.999E+17 6.985E+01
  9.025E+06 2.211E-09 1.300E-07 1.300E-07 1.070E+02 4.285E+03 2.101E+05 1.488E+18 6.985E+01
  9.125E+06 9.293E-10 1.300E-07 1.300E-07 1.321E+02 3.471E+03 2.101E+05 3.539E+18 6.985E+01
  9.225E+06 4.075E-10 1.300E-07 1.300E-07 1.630E+02 2.812E+03 2.101E+05 8.072E+18 6.985E+01
  9.325E+06 1.858E-10 1.300E-07 1.300E-07 2.013E+02 2.278E+03 2.101E+05 1.770E+19 6.985E+01
  9.425E+06 8.757E-11 1.300E-07 1.300E-07 2.484E+02 1.845E+03 2.101E+05 3.756E+19 6.985E+01
  9.525E+06 4.232E-11 1.300E-07 1.300E-07 3.066E+02 1.495E+03 2.101E+05 7.772E+19 6.985E+01
  9.625E+06 2.069E-11 1.300E-07 1.300E-07 3.784E+02 1.211E+03 2.101E+05 1.590E+20 6.985E+01
  9.725E+06 9.978E-12 1.300E-07 1.300E-07 4.671E+02 9.815E+02 2.101E+05 3.296E+20 6.985E+01
  9.825E+06 4.492E-12 1.300E-07 1.300E-07 5.764E+02 7.954E+02 2.101E+05 7.322E+20 6.985E+01
  9.925E+06 1.599E-12 1.300E-07 1.300E-07 7.112E+02 6.446E+02 2.101E+05 2.057E+21 6.985E+01
